Requirement already satisfied: pip in ./venv/lib/python3.9/site-packages (23.0.1)
Collecting pip
  Using cached pip-25.2-py3-none-any.whl (1.8 MB)
Installing collected packages: pip
  Attempting uninstall: pip
    Found existing installation: pip 23.0.1
    Uninstalling pip-23.0.1:
      Successfully uninstalled pip-23.0.1
Successfully installed pip-25.2
Collecting pandas (from -r ../requirements.txt (line 1))
  Downloading pandas-2.3.2-cp39-cp39-manylinux_2_17_x86_64.manylinux2014_x86_64.whl.metadata (91 kB)
Collecting numpy (from -r ../requirements.txt (line 2))
  Downloading numpy-2.0.2-cp39-cp39-manylinux_2_17_x86_64.manylinux2014_x86_64.whl.metadata (60 kB)
Collecting scikit-learn (from -r ../requirements.txt (line 3))
  Downloading scikit_learn-1.6.1-cp39-cp39-manylinux_2_17_x86_64.manylinux2014_x86_64.whl.metadata (18 kB)
Collecting xgboost (from -r ../requirements.txt (line 4))
  Downloading xgboost-2.1.4-py3-none-manylinux_2_28_x86_64.whl.metadata (2.1 kB)
Collecting python-dateutil>=2.8.2 (from pandas->-r ../requirements.txt (line 1))
  Downloading python_dateutil-2.9.0.post0-py2.py3-none-any.whl.metadata (8.4 kB)
Collecting pytz>=2020.1 (from pandas->-r ../requirements.txt (line 1))
  Downloading pytz-2025.2-py2.py3-none-any.whl.metadata (22 kB)
Collecting tzdata>=2022.7 (from pandas->-r ../requirements.txt (line 1))
  Downloading tzdata-2025.2-py2.py3-none-any.whl.metadata (1.4 kB)
Collecting scipy>=1.6.0 (from scikit-learn->-r ../requirements.txt (line 3))
  Downloading scipy-1.13.1-cp39-cp39-manylinux_2_17_x86_64.manylinux2014_x86_64.whl.metadata (60 kB)
Collecting joblib>=1.2.0 (from scikit-learn->-r ../requirements.txt (line 3))
  Downloading joblib-1.5.2-py3-none-any.whl.metadata (5.6 kB)
Collecting threadpoolctl>=3.1.0 (from scikit-learn->-r ../requirements.txt (line 3))
  Downloading threadpoolctl-3.6.0-py3-none-any.whl.metadata (13 kB)
Collecting nvidia-nccl-cu12 (from xgboost->-r ../requirements.txt (line 4))
  Downloading nvidia_nccl_cu12-2.27.7-py3-none-manylinux2014_x86_64.manylinux_2_17_x86_64.whl.metadata (2.0 kB)
Collecting six>=1.5 (from python-dateutil>=2.8.2->pandas->-r ../requirements.txt (line 1))
  Downloading six-1.17.0-py2.py3-none-any.whl.metadata (1.7 kB)
Downloading pandas-2.3.2-cp39-cp39-manylinux_2_17_x86_64.manylinux2014_x86_64.whl (12.4 MB)
   ━━━━━━━━━━━━━━━━━━━━━━━━━━━━━━━━━━━━━━━━ 12.4/12.4 MB 81.0 kB/s  0:02:28
Downloading numpy-2.0.2-cp39-cp39-manylinux_2_17_x86_64.manylinux2014_x86_64.whl (19.5 MB)
   ━━━━━━━━━━━━━━━━━━━━━━━━━━━━━━━━━━━━━━━━ 19.5/19.5 MB 66.6 kB/s  0:05:04
Downloading scikit_learn-1.6.1-cp39-cp39-manylinux_2_17_x86_64.manylinux2014_x86_64.whl (13.5 MB)
   ━━━━━━━━━━━━━━━━━━━━━━━━━━━━━━━━━━━━━━━━ 13.5/13.5 MB 40.4 kB/s  0:04:30
Downloading xgboost-2.1.4-py3-none-manylinux_2_28_x86_64.whl (223.6 MB)
