Requirement already satisfied: pip in ./venv/lib/python3.9/site-packages (25.2)
Requirement already satisfied: pandas in ./venv/lib/python3.9/site-packages (from -r ../requirements.txt (line 1)) (2.3.2)
Requirement already satisfied: numpy in ./venv/lib/python3.9/site-packages (from -r ../requirements.txt (line 2)) (2.0.2)
Requirement already satisfied: scikit-learn in ./venv/lib/python3.9/site-packages (from -r ../requirements.txt (line 3)) (1.6.1)
Requirement already satisfied: xgboost in ./venv/lib/python3.9/site-packages (from -r ../requirements.txt (line 4)) (2.1.4)
Requirement already satisfied: python-dateutil>=2.8.2 in ./venv/lib/python3.9/site-packages (from pandas->-r ../requirements.txt (line 1)) (2.9.0.post0)
Requirement already satisfied: pytz>=2020.1 in ./venv/lib/python3.9/site-packages (from pandas->-r ../requirements.txt (line 1)) (2025.2)
Requirement already satisfied: tzdata>=2022.7 in ./venv/lib/python3.9/site-packages (from pandas->-r ../requirements.txt (line 1)) (2025.2)
Requirement already satisfied: scipy>=1.6.0 in ./venv/lib/python3.9/site-packages (from scikit-learn->-r ../requirements.txt (line 3)) (1.13.1)
Requirement already satisfied: joblib>=1.2.0 in ./venv/lib/python3.9/site-packages (from scikit-learn->-r ../requirements.txt (line 3)) (1.5.2)
Requirement already satisfied: threadpoolctl>=3.1.0 in ./venv/lib/python3.9/site-packages (from scikit-learn->-r ../requirements.txt (line 3)) (3.6.0)
Requirement already satisfied: nvidia-nccl-cu12 in ./venv/lib/python3.9/site-packages (from xgboost->-r ../requirements.txt (line 4)) (2.27.7)
Requirement already satisfied: six>=1.5 in ./venv/lib/python3.9/site-packages (from python-dateutil>=2.8.2->pandas->-r ../requirements.txt (line 1)) (1.17.0)
Chosen threshold with recall >= 0.80: 0.210000
              precision    recall  f1-score   support

           0       0.98      0.97      0.98     17514
           1       0.74      0.81      0.77      1689

    accuracy                           0.96     19203
   macro avg       0.86      0.89      0.87     19203
weighted avg       0.96      0.96      0.96     19203

[[17040   474]
 [  327  1362]]
ROC-AUC Score: 0.9789712170042364
