Requirement already satisfied: pip in ./venv/lib/python3.9/site-packages (25.2)
Collecting pandas (from -r ../requirements.txt (line 1))
  Using cached pandas-2.3.2-cp39-cp39-manylinux_2_17_x86_64.manylinux2014_x86_64.whl.metadata (91 kB)
Collecting numpy (from -r ../requirements.txt (line 2))
  Using cached numpy-2.0.2-cp39-cp39-manylinux_2_17_x86_64.manylinux2014_x86_64.whl.metadata (60 kB)
Collecting scikit-learn (from -r ../requirements.txt (line 3))
  Using cached scikit_learn-1.6.1-cp39-cp39-manylinux_2_17_x86_64.manylinux2014_x86_64.whl.metadata (18 kB)
Collecting xgboost (from -r ../requirements.txt (line 4))
  Using cached xgboost-2.1.4-py3-none-manylinux_2_28_x86_64.whl.metadata (2.1 kB)
Collecting python-dateutil>=2.8.2 (from pandas->-r ../requirements.txt (line 1))
  Using cached python_dateutil-2.9.0.post0-py2.py3-none-any.whl.metadata (8.4 kB)
Collecting pytz>=2020.1 (from pandas->-r ../requirements.txt (line 1))
  Using cached pytz-2025.2-py2.py3-none-any.whl.metadata (22 kB)
Collecting tzdata>=2022.7 (from pandas->-r ../requirements.txt (line 1))
  Using cached tzdata-2025.2-py2.py3-none-any.whl.metadata (1.4 kB)
Collecting scipy>=1.6.0 (from scikit-learn->-r ../requirements.txt (line 3))
  Using cached scipy-1.13.1-cp39-cp39-manylinux_2_17_x86_64.manylinux2014_x86_64.whl.metadata (60 kB)
Collecting joblib>=1.2.0 (from scikit-learn->-r ../requirements.txt (line 3))
  Using cached joblib-1.5.2-py3-none-any.whl.metadata (5.6 kB)
Collecting threadpoolctl>=3.1.0 (from scikit-learn->-r ../requirements.txt (line 3))
  Using cached threadpoolctl-3.6.0-py3-none-any.whl.metadata (13 kB)
Collecting nvidia-nccl-cu12 (from xgboost->-r ../requirements.txt (line 4))
  Using cached nvidia_nccl_cu12-2.27.7-py3-none-manylinux2014_x86_64.manylinux_2_17_x86_64.whl.metadata (2.0 kB)
Collecting six>=1.5 (from python-dateutil>=2.8.2->pandas->-r ../requirements.txt (line 1))
  Using cached six-1.17.0-py2.py3-none-any.whl.metadata (1.7 kB)
Using cached pandas-2.3.2-cp39-cp39-manylinux_2_17_x86_64.manylinux2014_x86_64.whl (12.4 MB)
Using cached numpy-2.0.2-cp39-cp39-manylinux_2_17_x86_64.manylinux2014_x86_64.whl (19.5 MB)
Using cached scikit_learn-1.6.1-cp39-cp39-manylinux_2_17_x86_64.manylinux2014_x86_64.whl (13.5 MB)
Downloading xgboost-2.1.4-py3-none-manylinux_2_28_x86_64.whl (223.6 MB)
   ━━━━━━━━━━━━━━━━━━━━━━━━━━━━━━━━━━━━━━━━ 223.6/223.6 MB 328.0 kB/s  0:17:12
Downloading joblib-1.5.2-py3-none-any.whl (308 kB)
Downloading python_dateutil-2.9.0.post0-py2.py3-none-any.whl (229 kB)
Downloading pytz-2025.2-py2.py3-none-any.whl (509 kB)
Downloading scipy-1.13.1-cp39-cp39-manylinux_2_17_x86_64.manylinux2014_x86_64.whl (38.6 MB)
   ━━━━━━━━━━━━━━━━━━━━━━━━━━━━━━━━━━━━━━━━ 38.6/38.6 MB 637.4 kB/s  0:01:16
Downloading six-1.17.0-py2.py3-none-any.whl (11 kB)
Downloading threadpoolctl-3.6.0-py3-none-any.whl (18 kB)
Downloading tzdata-2025.2-py2.py3-none-any.whl (347 kB)
Downloading nvidia_nccl_cu12-2.27.7-py3-none-manylinux2014_x86_64.manylinux_2_17_x86_64.whl (322.5 MB)
   ━━━━━━━━━━━━━━━━━━━━━━━━━━━━━━━━━━━━━━━━ 322.5/322.5 MB 2.0 MB/s  0:04:40
Installing collected packages: pytz, tzdata, threadpoolctl, six, nvidia-nccl-cu12, numpy, joblib, scipy, python-dateutil, xgboost, scikit-learn, pandas

Successfully installed joblib-1.5.2 numpy-2.0.2 nvidia-nccl-cu12-2.27.7 pandas-2.3.2 python-dateutil-2.9.0.post0 pytz-2025.2 scikit-learn-1.6.1 scipy-1.13.1 six-1.17.0 threadpoolctl-3.6.0 tzdata-2025.2 xgboost-2.1.4
